<?xml version="1.0" encoding="UTF-8"?>
<testsuite xmlns:xsi="http://www.w3.org/2001/XMLSchema-instance" xsi:noNamespaceSchemaLocation="https://maven.apache.org/surefire/maven-surefire-plugin/xsd/surefire-test-report.xsd" name="com.processingcenter.processingcenter.ProcessingcenterApplicationTests" time="92.264" tests="4" errors="0" skipped="0" failures="0">
  <properties>
    <property name="gopherProxySet" value="false"/>
    <property name="awt.toolkit" value="sun.lwawt.macosx.LWCToolkit"/>
    <property name="file.encoding.pkg" value="sun.io"/>
    <property name="java.specification.version" value="1.8"/>
    <property name="sun.cpu.isalist" value=""/>
    <property name="sun.jnu.encoding" value="UTF-8"/>
    <property name="java.class.path" value="/Users/davlatbek/Downloads/processingcenter/target/test-classes:/Users/davlatbek/Downloads/processingcenter/target/classes:/Users/davlatbek/.m2/repository/org/springframework/boot/spring-boot-starter-data-jpa/1.5.9.RELEASE/spring-boot-starter-data-jpa-1.5.9.RELEASE.jar:/Users/davlatbek/.m2/repository/org/springframework/boot/spring-boot-starter/1.5.9.RELEASE/spring-boot-starter-1.5.9.RELEASE.jar:/Users/davlatbek/.m2/repository/org/springframework/boot/spring-boot/1.5.9.RELEASE/spring-boot-1.5.9.RELEASE.jar:/Users/davlatbek/.m2/repository/org/springframework/boot/spring-boot-autoconfigure/1.5.9.RELEASE/spring-boot-autoconfigure-1.5.9.RELEASE.jar:/Users/davlatbek/.m2/repository/org/springframework/boot/spring-boot-starter-logging/1.5.9.RELEASE/spring-boot-starter-logging-1.5.9.RELEASE.jar:/Users/davlatbek/.m2/repository/ch/qos/logback/logback-classic/1.1.11/logback-classic-1.1.11.jar:/Users/davlatbek/.m2/repository/ch/qos/logback/logback-core/1.1.11/logback-core-1.1.11.jar:/Users/davlatbek/.m2/repository/org/slf4j/jul-to-slf4j/1.7.25/jul-to-slf4j-1.7.25.jar:/Users/davlatbek/.m2/repository/org/slf4j/log4j-over-slf4j/1.7.25/log4j-over-slf4j-1.7.25.jar:/Users/davlatbek/.m2/repository/org/yaml/snakeyaml/1.17/snakeyaml-1.17.jar:/Users/davlatbek/.m2/repository/org/springframework/boot/spring-boot-starter-aop/1.5.9.RELEASE/spring-boot-starter-aop-1.5.9.RELEASE.jar:/Users/davlatbek/.m2/repository/org/springframework/spring-aop/4.3.13.RELEASE/spring-aop-4.3.13.RELEASE.jar:/Users/davlatbek/.m2/repository/org/aspectj/aspectjweaver/1.8.10/aspectjweaver-1.8.10.jar:/Users/davlatbek/.m2/repository/org/springframework/boot/spring-boot-starter-jdbc/1.5.9.RELEASE/spring-boot-starter-jdbc-1.5.9.RELEASE.jar:/Users/davlatbek/.m2/repository/org/apache/tomcat/tomcat-jdbc/8.5.23/tomcat-jdbc-8.5.23.jar:/Users/davlatbek/.m2/repository/org/apache/tomcat/tomcat-juli/8.5.23/tomcat-juli-8.5.23.jar:/Users/davlatbek/.m2/repository/org/springframework/spring-jdbc/4.3.13.RELEASE/spring-jdbc-4.3.13.RELEASE.jar:/Users/davlatbek/.m2/repository/org/hibernate/hibernate-core/5.0.12.Final/hibernate-core-5.0.12.Final.jar:/Users/davlatbek/.m2/repository/org/jboss/logging/jboss-logging/3.3.1.Final/jboss-logging-3.3.1.Final.jar:/Users/davlatbek/.m2/repository/org/hibernate/javax/persistence/hibernate-jpa-2.1-api/1.0.0.Final/hibernate-jpa-2.1-api-1.0.0.Final.jar:/Users/davlatbek/.m2/repository/org/javassist/javassist/3.21.0-GA/javassist-3.21.0-GA.jar:/Users/davlatbek/.m2/repository/antlr/antlr/2.7.7/antlr-2.7.7.jar:/Users/davlatbek/.m2/repository/org/jboss/jandex/2.0.0.Final/jandex-2.0.0.Final.jar:/Users/davlatbek/.m2/repository/dom4j/dom4j/1.6.1/dom4j-1.6.1.jar:/Users/davlatbek/.m2/repository/org/hibernate/common/hibernate-commons-annotations/5.0.1.Final/hibernate-commons-annotations-5.0.1.Final.jar:/Users/davlatbek/.m2/repository/org/hibernate/hibernate-entitymanager/5.0.12.Final/hibernate-entitymanager-5.0.12.Final.jar:/Users/davlatbek/.m2/repository/javax/transaction/javax.transaction-api/1.2/javax.transaction-api-1.2.jar:/Users/davlatbek/.m2/repository/org/springframework/data/spring-data-jpa/1.11.9.RELEASE/spring-data-jpa-1.11.9.RELEASE.jar:/Users/davlatbek/.m2/repository/org/springframework/data/spring-data-commons/1.13.9.RELEASE/spring-data-commons-1.13.9.RELEASE.jar:/Users/davlatbek/.m2/repository/org/springframework/spring-orm/4.3.13.RELEASE/spring-orm-4.3.13.RELEASE.jar:/Users/davlatbek/.m2/repository/org/springframework/spring-context/4.3.13.RELEASE/spring-context-4.3.13.RELEASE.jar:/Users/davlatbek/.m2/repository/org/springframework/spring-tx/4.3.13.RELEASE/spring-tx-4.3.13.RELEASE.jar:/Users/davlatbek/.m2/repository/org/springframework/spring-beans/4.3.13.RELEASE/spring-beans-4.3.13.RELEASE.jar:/Users/davlatbek/.m2/repository/org/slf4j/slf4j-api/1.7.25/slf4j-api-1.7.25.jar:/Users/davlatbek/.m2/repository/org/slf4j/jcl-over-slf4j/1.7.25/jcl-over-slf4j-1.7.25.jar:/Users/davlatbek/.m2/repository/org/springframework/spring-aspects/4.3.13.RELEASE/spring-aspects-4.3.13.RELEASE.jar:/Users/davlatbek/.m2/repository/com/vaadin/vaadin-spring-boot-starter/3.0.0/vaadin-spring-boot-starter-3.0.0.jar:/Users/davlatbek/.m2/repository/com/vaadin/vaadin-spring-boot/3.0.0/vaadin-spring-boot-3.0.0.jar:/Users/davlatbek/.m2/repository/com/vaadin/vaadin-spring/3.0.0/vaadin-spring-3.0.0.jar:/Users/davlatbek/.m2/repository/com/vaadin/vaadin-server/8.3.0/vaadin-server-8.3.0.jar:/Users/davlatbek/.m2/repository/com/vaadin/vaadin-sass-compiler/0.9.13/vaadin-sass-compiler-0.9.13.jar:/Users/davlatbek/.m2/repository/com/vaadin/external/flute/flute/1.3.0.gg2/flute-1.3.0.gg2.jar:/Users/davlatbek/.m2/repository/com/vaadin/vaadin-shared/8.3.0/vaadin-shared-8.3.0.jar:/Users/davlatbek/.m2/repository/org/jsoup/jsoup/1.11.2/jsoup-1.11.2.jar:/Users/davlatbek/.m2/repository/com/vaadin/external/gentyref/1.2.0.vaadin1/gentyref-1.2.0.vaadin1.jar:/Users/davlatbek/.m2/repository/com/vaadin/vaadin-themes/8.3.0/vaadin-themes-8.3.0.jar:/Users/davlatbek/.m2/repository/com/vaadin/vaadin-client-compiled/8.3.0/vaadin-client-compiled-8.3.0.jar:/Users/davlatbek/.m2/repository/org/springframework/boot/spring-boot-starter-web/1.5.9.RELEASE/spring-boot-starter-web-1.5.9.RELEASE.jar:/Users/davlatbek/.m2/repository/org/springframework/boot/spring-boot-starter-tomcat/1.5.9.RELEASE/spring-boot-starter-tomcat-1.5.9.RELEASE.jar:/Users/davlatbek/.m2/repository/org/apache/tomcat/embed/tomcat-embed-core/8.5.23/tomcat-embed-core-8.5.23.jar:/Users/davlatbek/.m2/repository/org/apache/tomcat/tomcat-annotations-api/8.5.23/tomcat-annotations-api-8.5.23.jar:/Users/davlatbek/.m2/repository/org/apache/tomcat/embed/tomcat-embed-el/8.5.23/tomcat-embed-el-8.5.23.jar:/Users/davlatbek/.m2/repository/org/apache/tomcat/embed/tomcat-embed-websocket/8.5.23/tomcat-embed-websocket-8.5.23.jar:/Users/davlatbek/.m2/repository/org/hibernate/hibernate-validator/5.3.6.Final/hibernate-validator-5.3.6.Final.jar:/Users/davlatbek/.m2/repository/javax/validation/validation-api/1.1.0.Final/validation-api-1.1.0.Final.jar:/Users/davlatbek/.m2/repository/com/fasterxml/classmate/1.3.4/classmate-1.3.4.jar:/Users/davlatbek/.m2/repository/com/fasterxml/jackson/core/jackson-databind/2.8.10/jackson-databind-2.8.10.jar:/Users/davlatbek/.m2/repository/com/fasterxml/jackson/core/jackson-annotations/2.8.0/jackson-annotations-2.8.0.jar:/Users/davlatbek/.m2/repository/com/fasterxml/jackson/core/jackson-core/2.8.10/jackson-core-2.8.10.jar:/Users/davlatbek/.m2/repository/org/springframework/spring-web/4.3.13.RELEASE/spring-web-4.3.13.RELEASE.jar:/Users/davlatbek/.m2/repository/org/springframework/spring-webmvc/4.3.13.RELEASE/spring-webmvc-4.3.13.RELEASE.jar:/Users/davlatbek/.m2/repository/org/springframework/spring-expression/4.3.13.RELEASE/spring-expression-4.3.13.RELEASE.jar:/Users/davlatbek/.m2/repository/org/postgresql/postgresql/9.4.1212.jre7/postgresql-9.4.1212.jre7.jar:/Users/davlatbek/.m2/repository/org/springframework/boot/spring-boot-starter-test/1.5.9.RELEASE/spring-boot-starter-test-1.5.9.RELEASE.jar:/Users/davlatbek/.m2/repository/org/springframework/boot/spring-boot-test/1.5.9.RELEASE/spring-boot-test-1.5.9.RELEASE.jar:/Users/davlatbek/.m2/repository/org/springframework/boot/spring-boot-test-autoconfigure/1.5.9.RELEASE/spring-boot-test-autoconfigure-1.5.9.RELEASE.jar:/Users/davlatbek/.m2/repository/com/jayway/jsonpath/json-path/2.2.0/json-path-2.2.0.jar:/Users/davlatbek/.m2/repository/net/minidev/json-smart/2.2.1/json-smart-2.2.1.jar:/Users/davlatbek/.m2/repository/net/minidev/accessors-smart/1.1/accessors-smart-1.1.jar:/Users/davlatbek/.m2/repository/org/ow2/asm/asm/5.0.3/asm-5.0.3.jar:/Users/davlatbek/.m2/repository/junit/junit/4.12/junit-4.12.jar:/Users/davlatbek/.m2/repository/org/assertj/assertj-core/2.6.0/assertj-core-2.6.0.jar:/Users/davlatbek/.m2/repository/org/mockito/mockito-core/1.10.19/mockito-core-1.10.19.jar:/Users/davlatbek/.m2/repository/org/objenesis/objenesis/2.1/objenesis-2.1.jar:/Users/davlatbek/.m2/repository/org/hamcrest/hamcrest-core/1.3/hamcrest-core-1.3.jar:/Users/davlatbek/.m2/repository/org/hamcrest/hamcrest-library/1.3/hamcrest-library-1.3.jar:/Users/davlatbek/.m2/repository/org/skyscreamer/jsonassert/1.4.0/jsonassert-1.4.0.jar:/Users/davlatbek/.m2/repository/com/vaadin/external/google/android-json/0.0.20131108.vaadin1/android-json-0.0.20131108.vaadin1.jar:/Users/davlatbek/.m2/repository/org/springframework/spring-core/4.3.13.RELEASE/spring-core-4.3.13.RELEASE.jar:/Users/davlatbek/.m2/repository/org/springframework/spring-test/4.3.13.RELEASE/spring-test-4.3.13.RELEASE.jar:/Users/davlatbek/.m2/repository/org/apache/commons/commons-dbcp2/2.1/commons-dbcp2-2.1.jar:/Users/davlatbek/.m2/repository/org/apache/commons/commons-pool2/2.4.3/commons-pool2-2.4.3.jar:/Users/davlatbek/.m2/repository/commons-logging/commons-logging/1.2/commons-logging-1.2.jar:/Users/davlatbek/.m2/repository/org/testng/testng/6.13.1/testng-6.13.1.jar:/Users/davlatbek/.m2/repository/com/beust/jcommander/1.72/jcommander-1.72.jar:/Users/davlatbek/.m2/repository/io/qameta/allure/allure-testng/2.0-BETA21/allure-testng-2.0-BETA21.jar:/Users/davlatbek/.m2/repository/io/qameta/allure/allure-descriptions-javadoc/2.0-BETA21/allure-descriptions-javadoc-2.0-BETA21.jar:/Users/davlatbek/.m2/repository/commons-io/commons-io/2.5/commons-io-2.5.jar:/Users/davlatbek/.m2/repository/io/qameta/allure/allure-java-commons/2.0-BETA21/allure-java-commons-2.0-BETA21.jar:/Users/davlatbek/.m2/repository/com/google/guava/guava/19.0/guava-19.0.jar:/Users/davlatbek/.m2/repository/io/qameta/allure/allure2-model-api/1.0-BETA6/allure2-model-api-1.0-BETA6.jar:/Users/davlatbek/.m2/repository/io/qameta/allure/allure2-model-pojo/1.0-BETA6/allure2-model-pojo-1.0-BETA6.jar:/Users/davlatbek/.m2/repository/org/apache/tika/tika-core/1.14/tika-core-1.14.jar:/Users/davlatbek/.m2/repository/io/qameta/allure/allure2-model-jackson/1.0-BETA6/allure2-model-jackson-1.0-BETA6.jar:/Users/davlatbek/.m2/repository/com/fasterxml/jackson/module/jackson-module-jaxb-annotations/2.8.10/jackson-module-jaxb-annotations-2.8.10.jar:/Users/davlatbek/.m2/repository/org/apache/commons/commons-lang3/3.5/commons-lang3-3.5.jar:/Users/davlatbek/.m2/repository/org/aspectj/aspectjrt/1.8.10/aspectjrt-1.8.10.jar:/Users/davlatbek/.m2/repository/org/jooq/joor/0.9.6/joor-0.9.6.jar:/Users/davlatbek/.m2/repository/ru/yandex/qatools/allure/allure-maven-plugin/2.6/allure-maven-plugin-2.6.jar:/Users/davlatbek/.m2/repository/ru/yandex/qatools/clay/clay-aether/2.5/clay-aether-2.5.jar:/Users/davlatbek/.m2/repository/org/eclipse/aether/aether-api/1.0.1.v20141111/aether-api-1.0.1.v20141111.jar:/Users/davlatbek/.m2/repository/org/eclipse/aether/aether-util/1.0.1.v20141111/aether-util-1.0.1.v20141111.jar:/Users/davlatbek/.m2/repository/org/eclipse/aether/aether-impl/1.0.1.v20141111/aether-impl-1.0.1.v20141111.jar:/Users/davlatbek/.m2/repository/org/eclipse/aether/aether-spi/1.0.1.v20141111/aether-spi-1.0.1.v20141111.jar:/Users/davlatbek/.m2/repository/org/eclipse/aether/aether-connector-basic/1.0.1.v20141111/aether-connector-basic-1.0.1.v20141111.jar:/Users/davlatbek/.m2/repository/org/eclipse/aether/aether-transport-file/1.0.1.v20141111/aether-transport-file-1.0.1.v20141111.jar:/Users/davlatbek/.m2/repository/org/eclipse/aether/aether-transport-http/1.0.1.v20141111/aether-transport-http-1.0.1.v20141111.jar:/Users/davlatbek/.m2/repository/org/eclipse/aether/aether-transport-wagon/1.0.1.v20141111/aether-transport-wagon-1.0.1.v20141111.jar:/Users/davlatbek/.m2/repository/org/apache/maven/maven-aether-provider/3.1.0/maven-aether-provider-3.1.0.jar:/Users/davlatbek/.m2/repository/org/apache/maven/wagon/wagon-ssh/2.6/wagon-ssh-2.6.jar:/Users/davlatbek/.m2/repository/com/jcraft/jsch/0.1.50/jsch-0.1.50.jar:/Users/davlatbek/.m2/repository/com/jcraft/jsch.agentproxy.connector-factory/0.0.6/jsch.agentproxy.connector-factory-0.0.6.jar:/Users/davlatbek/.m2/repository/com/jcraft/jsch.agentproxy.core/0.0.6/jsch.agentproxy.core-0.0.6.jar:/Users/davlatbek/.m2/repository/com/jcraft/jsch.agentproxy.usocket-jna/0.0.6/jsch.agentproxy.usocket-jna-0.0.6.jar:/Users/davlatbek/.m2/repository/net/java/dev/jna/platform/3.4.0/platform-3.4.0.jar:/Users/davlatbek/.m2/repository/com/jcraft/jsch.agentproxy.usocket-nc/0.0.6/jsch.agentproxy.usocket-nc-0.0.6.jar:/Users/davlatbek/.m2/repository/com/jcraft/jsch.agentproxy.sshagent/0.0.6/jsch.agentproxy.sshagent-0.0.6.jar:/Users/davlatbek/.m2/repository/com/jcraft/jsch.agentproxy.pageant/0.0.6/jsch.agentproxy.pageant-0.0.6.jar:/Users/davlatbek/.m2/repository/com/jcraft/jsch.agentproxy.jsch/0.0.6/jsch.agentproxy.jsch-0.0.6.jar:/Users/davlatbek/.m2/repository/org/apache/maven/wagon/wagon-ssh-common/2.6/wagon-ssh-common-2.6.jar:/Users/davlatbek/.m2/repository/org/codehaus/plexus/plexus-interactivity-api/1.0-alpha-6/plexus-interactivity-api-1.0-alpha-6.jar:/Users/davlatbek/.m2/repository/org/apache/maven/wagon/wagon-file/2.6/wagon-file-2.6.jar:/Users/davlatbek/.m2/repository/commons-lang/commons-lang/2.6/commons-lang-2.6.jar:/Users/davlatbek/.m2/repository/org/apache/maven/wagon/wagon-http/2.6/wagon-http-2.6.jar:/Users/davlatbek/.m2/repository/org/apache/maven/wagon/wagon-http-shared/2.6/wagon-http-shared-2.6.jar:/Users/davlatbek/.m2/repository/org/apache/maven/wagon/wagon-http-lightweight/2.6/wagon-http-lightweight-2.6.jar:/Users/davlatbek/.m2/repository/ru/yandex/qatools/clay/clay-maven-settings-builder/2.5/clay-maven-settings-builder-2.5.jar:/Users/davlatbek/.m2/repository/org/apache/httpcomponents/httpclient/4.5.3/httpclient-4.5.3.jar:/Users/davlatbek/.m2/repository/org/apache/httpcomponents/httpcore/4.4.8/httpcore-4.4.8.jar:/Users/davlatbek/.m2/repository/commons-codec/commons-codec/1.10/commons-codec-1.10.jar:/Users/davlatbek/.m2/repository/org/apache/maven/maven-core/3.3.9/maven-core-3.3.9.jar:/Users/davlatbek/.m2/repository/org/apache/maven/maven-model/3.3.9/maven-model-3.3.9.jar:/Users/davlatbek/.m2/repository/org/apache/maven/maven-settings/3.3.9/maven-settings-3.3.9.jar:/Users/davlatbek/.m2/repository/org/apache/maven/maven-settings-builder/3.3.9/maven-settings-builder-3.3.9.jar:/Users/davlatbek/.m2/repository/org/apache/maven/maven-builder-support/3.3.9/maven-builder-support-3.3.9.jar:/Users/davlatbek/.m2/repository/org/apache/maven/maven-repository-metadata/3.3.9/maven-repository-metadata-3.3.9.jar:/Users/davlatbek/.m2/repository/org/apache/maven/maven-artifact/3.3.9/maven-artifact-3.3.9.jar:/Users/davlatbek/.m2/repository/org/apache/maven/maven-plugin-api/3.3.9/maven-plugin-api-3.3.9.jar:/Users/davlatbek/.m2/repository/org/apache/maven/maven-model-builder/3.3.9/maven-model-builder-3.3.9.jar:/Users/davlatbek/.m2/repository/org/eclipse/sisu/org.eclipse.sisu.plexus/0.3.2/org.eclipse.sisu.plexus-0.3.2.jar:/Users/davlatbek/.m2/repository/javax/enterprise/cdi-api/1.0/cdi-api-1.0.jar:/Users/davlatbek/.m2/repository/javax/annotation/jsr250-api/1.0/jsr250-api-1.0.jar:/Users/davlatbek/.m2/repository/org/eclipse/sisu/org.eclipse.sisu.inject/0.3.2/org.eclipse.sisu.inject-0.3.2.jar:/Users/davlatbek/.m2/repository/com/google/inject/guice/4.0/guice-4.0-no_aop.jar:/Users/davlatbek/.m2/repository/javax/inject/javax.inject/1/javax.inject-1.jar:/Users/davlatbek/.m2/repository/aopalliance/aopalliance/1.0/aopalliance-1.0.jar:/Users/davlatbek/.m2/repository/org/codehaus/plexus/plexus-interpolation/1.21/plexus-interpolation-1.21.jar:/Users/davlatbek/.m2/repository/org/codehaus/plexus/plexus-utils/3.0.22/plexus-utils-3.0.22.jar:/Users/davlatbek/.m2/repository/org/codehaus/plexus/plexus-classworlds/2.5.2/plexus-classworlds-2.5.2.jar:/Users/davlatbek/.m2/repository/org/codehaus/plexus/plexus-component-annotations/1.6/plexus-component-annotations-1.6.jar:/Users/davlatbek/.m2/repository/org/sonatype/plexus/plexus-sec-dispatcher/1.3/plexus-sec-dispatcher-1.3.jar:/Users/davlatbek/.m2/repository/org/sonatype/plexus/plexus-cipher/1.4/plexus-cipher-1.4.jar:/Users/davlatbek/.m2/repository/org/apache/maven/reporting/maven-reporting-impl/2.4/maven-reporting-impl-2.4.jar:/Users/davlatbek/.m2/repository/org/apache/maven/reporting/maven-reporting-api/3.0/maven-reporting-api-3.0.jar:/Users/davlatbek/.m2/repository/org/apache/maven/maven-project/2.2.1/maven-project-2.2.1.jar:/Users/davlatbek/.m2/repository/org/apache/maven/maven-profile/2.2.1/maven-profile-2.2.1.jar:/Users/davlatbek/.m2/repository/org/apache/maven/maven-artifact-manager/2.2.1/maven-artifact-manager-2.2.1.jar:/Users/davlatbek/.m2/repository/backport-util-concurrent/backport-util-concurrent/3.1/backport-util-concurrent-3.1.jar:/Users/davlatbek/.m2/repository/org/apache/maven/maven-plugin-registry/2.2.1/maven-plugin-registry-2.2.1.jar:/Users/davlatbek/.m2/repository/org/codehaus/plexus/plexus-container-default/1.0-alpha-9-stable-1/plexus-container-default-1.0-alpha-9-stable-1.jar:/Users/davlatbek/.m2/repository/classworlds/classworlds/1.1-alpha-2/classworlds-1.1-alpha-2.jar:/Users/davlatbek/.m2/repository/org/apache/maven/shared/maven-shared-utils/0.6/maven-shared-utils-0.6.jar:/Users/davlatbek/.m2/repository/com/google/code/findbugs/jsr305/2.0.1/jsr305-2.0.1.jar:/Users/davlatbek/.m2/repository/org/apache/maven/doxia/doxia-sink-api/1.6/doxia-sink-api-1.6.jar:/Users/davlatbek/.m2/repository/org/apache/maven/doxia/doxia-logging-api/1.6/doxia-logging-api-1.6.jar:/Users/davlatbek/.m2/repository/org/apache/maven/doxia/doxia-core/1.6/doxia-core-1.6.jar:/Users/davlatbek/.m2/repository/xerces/xercesImpl/2.9.1/xercesImpl-2.9.1.jar:/Users/davlatbek/.m2/repository/xmlunit/xmlunit/1.5/xmlunit-1.5.jar:/Users/davlatbek/.m2/repository/org/apache/maven/doxia/doxia-site-renderer/1.6/doxia-site-renderer-1.6.jar:/Users/davlatbek/.m2/repository/org/apache/maven/doxia/doxia-decoration-model/1.6/doxia-decoration-model-1.6.jar:/Users/davlatbek/.m2/repository/org/apache/maven/doxia/doxia-module-xhtml/1.6/doxia-module-xhtml-1.6.jar:/Users/davlatbek/.m2/repository/org/apache/maven/doxia/doxia-module-fml/1.6/doxia-module-fml-1.6.jar:/Users/davlatbek/.m2/repository/org/codehaus/plexus/plexus-i18n/1.0-beta-7/plexus-i18n-1.0-beta-7.jar:/Users/davlatbek/.m2/repository/org/codehaus/plexus/plexus-velocity/1.1.7/plexus-velocity-1.1.7.jar:/Users/davlatbek/.m2/repository/org/apache/velocity/velocity-tools/2.0/velocity-tools-2.0.jar:/Users/davlatbek/.m2/repository/commons-chain/commons-chain/1.1/commons-chain-1.1.jar:/Users/davlatbek/.m2/repository/sslext/sslext/1.2-0/sslext-1.2-0.jar:/Users/davlatbek/.m2/repository/org/apache/struts/struts-core/1.3.8/struts-core-1.3.8.jar:/Users/davlatbek/.m2/repository/org/apache/struts/struts-taglib/1.3.8/struts-taglib-1.3.8.jar:/Users/davlatbek/.m2/repository/org/apache/struts/struts-tiles/1.3.8/struts-tiles-1.3.8.jar:/Users/davlatbek/.m2/repository/commons-validator/commons-validator/1.4.1/commons-validator-1.4.1.jar:/Users/davlatbek/.m2/repository/commons-digester/commons-digester/2.1/commons-digester-2.1.jar:/Users/davlatbek/.m2/repository/commons-beanutils/commons-beanutils/1.9.3/commons-beanutils-1.9.3.jar:/Users/davlatbek/.m2/repository/commons-collections/commons-collections/3.2.2/commons-collections-3.2.2.jar:/Users/davlatbek/.m2/repository/org/apache/maven/plugin-tools/maven-plugin-annotations/3.2/maven-plugin-annotations-3.2.jar:/Users/davlatbek/.m2/repository/org/apache/maven/plugins/maven-jxr-plugin/2.5/maven-jxr-plugin-2.5.jar:/Users/davlatbek/.m2/repository/org/apache/velocity/velocity/1.5/velocity-1.5.jar:/Users/davlatbek/.m2/repository/oro/oro/2.0.8/oro-2.0.8.jar:/Users/davlatbek/.m2/repository/org/apache/maven/maven-jxr/2.5/maven-jxr-2.5.jar:/Users/davlatbek/.m2/repository/org/apache/maven/wagon/wagon-provider-api/1.0/wagon-provider-api-1.0.jar:/Users/davlatbek/.m2/repository/xml-apis/xml-apis/1.4.01/xml-apis-1.4.01.jar:/Users/davlatbek/.m2/repository/xalan/xalan/2.7.0/xalan-2.7.0.jar:/Users/davlatbek/.m2/repository/org/seleniumhq/selenium/selenium-java/2.53.1/selenium-java-2.53.1.jar:/Users/davlatbek/.m2/repository/org/seleniumhq/selenium/selenium-chrome-driver/2.53.1/selenium-chrome-driver-2.53.1.jar:/Users/davlatbek/.m2/repository/org/seleniumhq/selenium/selenium-remote-driver/2.53.1/selenium-remote-driver-2.53.1.jar:/Users/davlatbek/.m2/repository/cglib/cglib-nodep/2.1_3/cglib-nodep-2.1_3.jar:/Users/davlatbek/.m2/repository/com/google/code/gson/gson/2.8.2/gson-2.8.2.jar:/Users/davlatbek/.m2/repository/org/seleniumhq/selenium/selenium-api/2.53.1/selenium-api-2.53.1.jar:/Users/davlatbek/.m2/repository/org/seleniumhq/selenium/selenium-edge-driver/2.53.1/selenium-edge-driver-2.53.1.jar:/Users/davlatbek/.m2/repository/org/apache/commons/commons-exec/1.3/commons-exec-1.3.jar:/Users/davlatbek/.m2/repository/org/seleniumhq/selenium/htmlunit-driver/2.21/htmlunit-driver-2.21.jar:/Users/davlatbek/.m2/repository/net/sourceforge/htmlunit/htmlunit/2.21/htmlunit-2.21.jar:/Users/davlatbek/.m2/repository/org/apache/httpcomponents/httpmime/4.5.3/httpmime-4.5.3.jar:/Users/davlatbek/.m2/repository/net/sourceforge/htmlunit/htmlunit-core-js/2.17/htmlunit-core-js-2.17.jar:/Users/davlatbek/.m2/repository/net/sourceforge/htmlunit/neko-htmlunit/2.21/neko-htmlunit-2.21.jar:/Users/davlatbek/.m2/repository/net/sourceforge/cssparser/cssparser/0.9.18/cssparser-0.9.18.jar:/Users/davlatbek/.m2/repository/org/w3c/css/sac/1.3/sac-1.3.jar:/Users/davlatbek/.m2/repository/org/eclipse/jetty/websocket/websocket-client/9.4.7.v20170914/websocket-client-9.4.7.v20170914.jar:/Users/davlatbek/.m2/repository/org/eclipse/jetty/jetty-client/9.4.7.v20170914/jetty-client-9.4.7.v20170914.jar:/Users/davlatbek/.m2/repository/org/eclipse/jetty/jetty-http/9.4.7.v20170914/jetty-http-9.4.7.v20170914.jar:/Users/davlatbek/.m2/repository/org/eclipse/jetty/jetty-xml/9.4.7.v20170914/jetty-xml-9.4.7.v20170914.jar:/Users/davlatbek/.m2/repository/org/eclipse/jetty/jetty-util/9.4.7.v20170914/jetty-util-9.4.7.v20170914.jar:/Users/davlatbek/.m2/repository/org/eclipse/jetty/jetty-io/9.4.7.v20170914/jetty-io-9.4.7.v20170914.jar:/Users/davlatbek/.m2/repository/org/eclipse/jetty/websocket/websocket-common/9.4.7.v20170914/websocket-common-9.4.7.v20170914.jar:/Users/davlatbek/.m2/repository/org/eclipse/jetty/websocket/websocket-api/9.4.7.v20170914/websocket-api-9.4.7.v20170914.jar:/Users/davlatbek/.m2/repository/org/seleniumhq/selenium/selenium-firefox-driver/2.53.1/selenium-firefox-driver-2.53.1.jar:/Users/davlatbek/.m2/repository/org/seleniumhq/selenium/selenium-ie-driver/2.53.1/selenium-ie-driver-2.53.1.jar:/Users/davlatbek/.m2/repository/net/java/dev/jna/jna/4.2.2/jna-4.2.2.jar:/Users/davlatbek/.m2/repository/net/java/dev/jna/jna-platform/4.2.2/jna-platform-4.2.2.jar:/Users/davlatbek/.m2/repository/org/seleniumhq/selenium/selenium-safari-driver/2.53.1/selenium-safari-driver-2.53.1.jar:/Users/davlatbek/.m2/repository/io/netty/netty/3.5.7.Final/netty-3.5.7.Final.jar:/Users/davlatbek/.m2/repository/org/seleniumhq/selenium/selenium-support/2.53.1/selenium-support-2.53.1.jar:/Users/davlatbek/.m2/repository/org/seleniumhq/selenium/selenium-leg-rc/2.53.1/selenium-leg-rc-2.53.1.jar:/Users/davlatbek/.m2/repository/org/apache/maven/surefire/surefire-testng-utils/2.20.1/surefire-testng-utils-2.20.1.jar:/Users/davlatbek/.m2/repository/org/apache/maven/surefire/surefire-grouper/2.20.1/surefire-grouper-2.20.1.jar:"/>
    <property name="java.vm.vendor" value="Oracle Corporation"/>
    <property name="sun.arch.data.model" value="64"/>
    <property name="java.vendor.url" value="http://java.oracle.com/"/>
    <property name="user.timezone" value=""/>
    <property name="java.vm.specification.version" value="1.8"/>
    <property name="os.name" value="Mac OS X"/>
    <property name="user.country" value="US"/>
    <property name="sun.java.launcher" value="SUN_STANDARD"/>
    <property name="sun.boot.library.path" value="/Library/Java/JavaVirtualMachines/jdk1.8.0_101.jdk/Contents/Home/jre/lib"/>
    <property name="sun.java.command" value="/Users/davlatbek/Downloads/processingcenter/target/surefire/surefirebooter9049322325835672174.jar /Users/davlatbek/Downloads/processingcenter/target/surefire 2018-02-02T15-47-33_210-jvmRun1 surefire8080225045907041556tmp surefire_07872491079984986159tmp"/>
    <property name="http.nonProxyHosts" value="local|*.local|169.254/16|*.169.254/16"/>
    <property name="surefire.test.class.path" value="/Users/davlatbek/Downloads/processingcenter/target/test-classes:/Users/davlatbek/Downloads/processingcenter/target/classes:/Users/davlatbek/.m2/repository/org/springframework/boot/spring-boot-starter-data-jpa/1.5.9.RELEASE/spring-boot-starter-data-jpa-1.5.9.RELEASE.jar:/Users/davlatbek/.m2/repository/org/springframework/boot/spring-boot-starter/1.5.9.RELEASE/spring-boot-starter-1.5.9.RELEASE.jar:/Users/davlatbek/.m2/repository/org/springframework/boot/spring-boot/1.5.9.RELEASE/spring-boot-1.5.9.RELEASE.jar:/Users/davlatbek/.m2/repository/org/springframework/boot/spring-boot-autoconfigure/1.5.9.RELEASE/spring-boot-autoconfigure-1.5.9.RELEASE.jar:/Users/davlatbek/.m2/repository/org/springframework/boot/spring-boot-starter-logging/1.5.9.RELEASE/spring-boot-starter-logging-1.5.9.RELEASE.jar:/Users/davlatbek/.m2/repository/ch/qos/logback/logback-classic/1.1.11/logback-classic-1.1.11.jar:/Users/davlatbek/.m2/repository/ch/qos/logback/logback-core/1.1.11/logback-core-1.1.11.jar:/Users/davlatbek/.m2/repository/org/slf4j/jul-to-slf4j/1.7.25/jul-to-slf4j-1.7.25.jar:/Users/davlatbek/.m2/repository/org/slf4j/log4j-over-slf4j/1.7.25/log4j-over-slf4j-1.7.25.jar:/Users/davlatbek/.m2/repository/org/yaml/snakeyaml/1.17/snakeyaml-1.17.jar:/Users/davlatbek/.m2/repository/org/springframework/boot/spring-boot-starter-aop/1.5.9.RELEASE/spring-boot-starter-aop-1.5.9.RELEASE.jar:/Users/davlatbek/.m2/repository/org/springframework/spring-aop/4.3.13.RELEASE/spring-aop-4.3.13.RELEASE.jar:/Users/davlatbek/.m2/repository/org/aspectj/aspectjweaver/1.8.10/aspectjweaver-1.8.10.jar:/Users/davlatbek/.m2/repository/org/springframework/boot/spring-boot-starter-jdbc/1.5.9.RELEASE/spring-boot-starter-jdbc-1.5.9.RELEASE.jar:/Users/davlatbek/.m2/repository/org/apache/tomcat/tomcat-jdbc/8.5.23/tomcat-jdbc-8.5.23.jar:/Users/davlatbek/.m2/repository/org/apache/tomcat/tomcat-juli/8.5.23/tomcat-juli-8.5.23.jar:/Users/davlatbek/.m2/repository/org/springframework/spring-jdbc/4.3.13.RELEASE/spring-jdbc-4.3.13.RELEASE.jar:/Users/davlatbek/.m2/repository/org/hibernate/hibernate-core/5.0.12.Final/hibernate-core-5.0.12.Final.jar:/Users/davlatbek/.m2/repository/org/jboss/logging/jboss-logging/3.3.1.Final/jboss-logging-3.3.1.Final.jar:/Users/davlatbek/.m2/repository/org/hibernate/javax/persistence/hibernate-jpa-2.1-api/1.0.0.Final/hibernate-jpa-2.1-api-1.0.0.Final.jar:/Users/davlatbek/.m2/repository/org/javassist/javassist/3.21.0-GA/javassist-3.21.0-GA.jar:/Users/davlatbek/.m2/repository/antlr/antlr/2.7.7/antlr-2.7.7.jar:/Users/davlatbek/.m2/repository/org/jboss/jandex/2.0.0.Final/jandex-2.0.0.Final.jar:/Users/davlatbek/.m2/repository/dom4j/dom4j/1.6.1/dom4j-1.6.1.jar:/Users/davlatbek/.m2/repository/org/hibernate/common/hibernate-commons-annotations/5.0.1.Final/hibernate-commons-annotations-5.0.1.Final.jar:/Users/davlatbek/.m2/repository/org/hibernate/hibernate-entitymanager/5.0.12.Final/hibernate-entitymanager-5.0.12.Final.jar:/Users/davlatbek/.m2/repository/javax/transaction/javax.transaction-api/1.2/javax.transaction-api-1.2.jar:/Users/davlatbek/.m2/repository/org/springframework/data/spring-data-jpa/1.11.9.RELEASE/spring-data-jpa-1.11.9.RELEASE.jar:/Users/davlatbek/.m2/repository/org/springframework/data/spring-data-commons/1.13.9.RELEASE/spring-data-commons-1.13.9.RELEASE.jar:/Users/davlatbek/.m2/repository/org/springframework/spring-orm/4.3.13.RELEASE/spring-orm-4.3.13.RELEASE.jar:/Users/davlatbek/.m2/repository/org/springframework/spring-context/4.3.13.RELEASE/spring-context-4.3.13.RELEASE.jar:/Users/davlatbek/.m2/repository/org/springframework/spring-tx/4.3.13.RELEASE/spring-tx-4.3.13.RELEASE.jar:/Users/davlatbek/.m2/repository/org/springframework/spring-beans/4.3.13.RELEASE/spring-beans-4.3.13.RELEASE.jar:/Users/davlatbek/.m2/repository/org/slf4j/slf4j-api/1.7.25/slf4j-api-1.7.25.jar:/Users/davlatbek/.m2/repository/org/slf4j/jcl-over-slf4j/1.7.25/jcl-over-slf4j-1.7.25.jar:/Users/davlatbek/.m2/repository/org/springframework/spring-aspects/4.3.13.RELEASE/spring-aspects-4.3.13.RELEASE.jar:/Users/davlatbek/.m2/repository/com/vaadin/vaadin-spring-boot-starter/3.0.0/vaadin-spring-boot-starter-3.0.0.jar:/Users/davlatbek/.m2/repository/com/vaadin/vaadin-spring-boot/3.0.0/vaadin-spring-boot-3.0.0.jar:/Users/davlatbek/.m2/repository/com/vaadin/vaadin-spring/3.0.0/vaadin-spring-3.0.0.jar:/Users/davlatbek/.m2/repository/com/vaadin/vaadin-server/8.3.0/vaadin-server-8.3.0.jar:/Users/davlatbek/.m2/repository/com/vaadin/vaadin-sass-compiler/0.9.13/vaadin-sass-compiler-0.9.13.jar:/Users/davlatbek/.m2/repository/com/vaadin/external/flute/flute/1.3.0.gg2/flute-1.3.0.gg2.jar:/Users/davlatbek/.m2/repository/com/vaadin/vaadin-shared/8.3.0/vaadin-shared-8.3.0.jar:/Users/davlatbek/.m2/repository/org/jsoup/jsoup/1.11.2/jsoup-1.11.2.jar:/Users/davlatbek/.m2/repository/com/vaadin/external/gentyref/1.2.0.vaadin1/gentyref-1.2.0.vaadin1.jar:/Users/davlatbek/.m2/repository/com/vaadin/vaadin-themes/8.3.0/vaadin-themes-8.3.0.jar:/Users/davlatbek/.m2/repository/com/vaadin/vaadin-client-compiled/8.3.0/vaadin-client-compiled-8.3.0.jar:/Users/davlatbek/.m2/repository/org/springframework/boot/spring-boot-starter-web/1.5.9.RELEASE/spring-boot-starter-web-1.5.9.RELEASE.jar:/Users/davlatbek/.m2/repository/org/springframework/boot/spring-boot-starter-tomcat/1.5.9.RELEASE/spring-boot-starter-tomcat-1.5.9.RELEASE.jar:/Users/davlatbek/.m2/repository/org/apache/tomcat/embed/tomcat-embed-core/8.5.23/tomcat-embed-core-8.5.23.jar:/Users/davlatbek/.m2/repository/org/apache/tomcat/tomcat-annotations-api/8.5.23/tomcat-annotations-api-8.5.23.jar:/Users/davlatbek/.m2/repository/org/apache/tomcat/embed/tomcat-embed-el/8.5.23/tomcat-embed-el-8.5.23.jar:/Users/davlatbek/.m2/repository/org/apache/tomcat/embed/tomcat-embed-websocket/8.5.23/tomcat-embed-websocket-8.5.23.jar:/Users/davlatbek/.m2/repository/org/hibernate/hibernate-validator/5.3.6.Final/hibernate-validator-5.3.6.Final.jar:/Users/davlatbek/.m2/repository/javax/validation/validation-api/1.1.0.Final/validation-api-1.1.0.Final.jar:/Users/davlatbek/.m2/repository/com/fasterxml/classmate/1.3.4/classmate-1.3.4.jar:/Users/davlatbek/.m2/repository/com/fasterxml/jackson/core/jackson-databind/2.8.10/jackson-databind-2.8.10.jar:/Users/davlatbek/.m2/repository/com/fasterxml/jackson/core/jackson-annotations/2.8.0/jackson-annotations-2.8.0.jar:/Users/davlatbek/.m2/repository/com/fasterxml/jackson/core/jackson-core/2.8.10/jackson-core-2.8.10.jar:/Users/davlatbek/.m2/repository/org/springframework/spring-web/4.3.13.RELEASE/spring-web-4.3.13.RELEASE.jar:/Users/davlatbek/.m2/repository/org/springframework/spring-webmvc/4.3.13.RELEASE/spring-webmvc-4.3.13.RELEASE.jar:/Users/davlatbek/.m2/repository/org/springframework/spring-expression/4.3.13.RELEASE/spring-expression-4.3.13.RELEASE.jar:/Users/davlatbek/.m2/repository/org/postgresql/postgresql/9.4.1212.jre7/postgresql-9.4.1212.jre7.jar:/Users/davlatbek/.m2/repository/org/springframework/boot/spring-boot-starter-test/1.5.9.RELEASE/spring-boot-starter-test-1.5.9.RELEASE.jar:/Users/davlatbek/.m2/repository/org/springframework/boot/spring-boot-test/1.5.9.RELEASE/spring-boot-test-1.5.9.RELEASE.jar:/Users/davlatbek/.m2/repository/org/springframework/boot/spring-boot-test-autoconfigure/1.5.9.RELEASE/spring-boot-test-autoconfigure-1.5.9.RELEASE.jar:/Users/davlatbek/.m2/repository/com/jayway/jsonpath/json-path/2.2.0/json-path-2.2.0.jar:/Users/davlatbek/.m2/repository/net/minidev/json-smart/2.2.1/json-smart-2.2.1.jar:/Users/davlatbek/.m2/repository/net/minidev/accessors-smart/1.1/accessors-smart-1.1.jar:/Users/davlatbek/.m2/repository/org/ow2/asm/asm/5.0.3/asm-5.0.3.jar:/Users/davlatbek/.m2/repository/junit/junit/4.12/junit-4.12.jar:/Users/davlatbek/.m2/repository/org/assertj/assertj-core/2.6.0/assertj-core-2.6.0.jar:/Users/davlatbek/.m2/repository/org/mockito/mockito-core/1.10.19/mockito-core-1.10.19.jar:/Users/davlatbek/.m2/repository/org/objenesis/objenesis/2.1/objenesis-2.1.jar:/Users/davlatbek/.m2/repository/org/hamcrest/hamcrest-core/1.3/hamcrest-core-1.3.jar:/Users/davlatbek/.m2/repository/org/hamcrest/hamcrest-library/1.3/hamcrest-library-1.3.jar:/Users/davlatbek/.m2/repository/org/skyscreamer/jsonassert/1.4.0/jsonassert-1.4.0.jar:/Users/davlatbek/.m2/repository/com/vaadin/external/google/android-json/0.0.20131108.vaadin1/android-json-0.0.20131108.vaadin1.jar:/Users/davlatbek/.m2/repository/org/springframework/spring-core/4.3.13.RELEASE/spring-core-4.3.13.RELEASE.jar:/Users/davlatbek/.m2/repository/org/springframework/spring-test/4.3.13.RELEASE/spring-test-4.3.13.RELEASE.jar:/Users/davlatbek/.m2/repository/org/apache/commons/commons-dbcp2/2.1/commons-dbcp2-2.1.jar:/Users/davlatbek/.m2/repository/org/apache/commons/commons-pool2/2.4.3/commons-pool2-2.4.3.jar:/Users/davlatbek/.m2/repository/commons-logging/commons-logging/1.2/commons-logging-1.2.jar:/Users/davlatbek/.m2/repository/org/testng/testng/6.13.1/testng-6.13.1.jar:/Users/davlatbek/.m2/repository/com/beust/jcommander/1.72/jcommander-1.72.jar:/Users/davlatbek/.m2/repository/io/qameta/allure/allure-testng/2.0-BETA21/allure-testng-2.0-BETA21.jar:/Users/davlatbek/.m2/repository/io/qameta/allure/allure-descriptions-javadoc/2.0-BETA21/allure-descriptions-javadoc-2.0-BETA21.jar:/Users/davlatbek/.m2/repository/commons-io/commons-io/2.5/commons-io-2.5.jar:/Users/davlatbek/.m2/repository/io/qameta/allure/allure-java-commons/2.0-BETA21/allure-java-commons-2.0-BETA21.jar:/Users/davlatbek/.m2/repository/com/google/guava/guava/19.0/guava-19.0.jar:/Users/davlatbek/.m2/repository/io/qameta/allure/allure2-model-api/1.0-BETA6/allure2-model-api-1.0-BETA6.jar:/Users/davlatbek/.m2/repository/io/qameta/allure/allure2-model-pojo/1.0-BETA6/allure2-model-pojo-1.0-BETA6.jar:/Users/davlatbek/.m2/repository/org/apache/tika/tika-core/1.14/tika-core-1.14.jar:/Users/davlatbek/.m2/repository/io/qameta/allure/allure2-model-jackson/1.0-BETA6/allure2-model-jackson-1.0-BETA6.jar:/Users/davlatbek/.m2/repository/com/fasterxml/jackson/module/jackson-module-jaxb-annotations/2.8.10/jackson-module-jaxb-annotations-2.8.10.jar:/Users/davlatbek/.m2/repository/org/apache/commons/commons-lang3/3.5/commons-lang3-3.5.jar:/Users/davlatbek/.m2/repository/org/aspectj/aspectjrt/1.8.10/aspectjrt-1.8.10.jar:/Users/davlatbek/.m2/repository/org/jooq/joor/0.9.6/joor-0.9.6.jar:/Users/davlatbek/.m2/repository/ru/yandex/qatools/allure/allure-maven-plugin/2.6/allure-maven-plugin-2.6.jar:/Users/davlatbek/.m2/repository/ru/yandex/qatools/clay/clay-aether/2.5/clay-aether-2.5.jar:/Users/davlatbek/.m2/repository/org/eclipse/aether/aether-api/1.0.1.v20141111/aether-api-1.0.1.v20141111.jar:/Users/davlatbek/.m2/repository/org/eclipse/aether/aether-util/1.0.1.v20141111/aether-util-1.0.1.v20141111.jar:/Users/davlatbek/.m2/repository/org/eclipse/aether/aether-impl/1.0.1.v20141111/aether-impl-1.0.1.v20141111.jar:/Users/davlatbek/.m2/repository/org/eclipse/aether/aether-spi/1.0.1.v20141111/aether-spi-1.0.1.v20141111.jar:/Users/davlatbek/.m2/repository/org/eclipse/aether/aether-connector-basic/1.0.1.v20141111/aether-connector-basic-1.0.1.v20141111.jar:/Users/davlatbek/.m2/repository/org/eclipse/aether/aether-transport-file/1.0.1.v20141111/aether-transport-file-1.0.1.v20141111.jar:/Users/davlatbek/.m2/repository/org/eclipse/aether/aether-transport-http/1.0.1.v20141111/aether-transport-http-1.0.1.v20141111.jar:/Users/davlatbek/.m2/repository/org/eclipse/aether/aether-transport-wagon/1.0.1.v20141111/aether-transport-wagon-1.0.1.v20141111.jar:/Users/davlatbek/.m2/repository/org/apache/maven/maven-aether-provider/3.1.0/maven-aether-provider-3.1.0.jar:/Users/davlatbek/.m2/repository/org/apache/maven/wagon/wagon-ssh/2.6/wagon-ssh-2.6.jar:/Users/davlatbek/.m2/repository/com/jcraft/jsch/0.1.50/jsch-0.1.50.jar:/Users/davlatbek/.m2/repository/com/jcraft/jsch.agentproxy.connector-factory/0.0.6/jsch.agentproxy.connector-factory-0.0.6.jar:/Users/davlatbek/.m2/repository/com/jcraft/jsch.agentproxy.core/0.0.6/jsch.agentproxy.core-0.0.6.jar:/Users/davlatbek/.m2/repository/com/jcraft/jsch.agentproxy.usocket-jna/0.0.6/jsch.agentproxy.usocket-jna-0.0.6.jar:/Users/davlatbek/.m2/repository/net/java/dev/jna/platform/3.4.0/platform-3.4.0.jar:/Users/davlatbek/.m2/repository/com/jcraft/jsch.agentproxy.usocket-nc/0.0.6/jsch.agentproxy.usocket-nc-0.0.6.jar:/Users/davlatbek/.m2/repository/com/jcraft/jsch.agentproxy.sshagent/0.0.6/jsch.agentproxy.sshagent-0.0.6.jar:/Users/davlatbek/.m2/repository/com/jcraft/jsch.agentproxy.pageant/0.0.6/jsch.agentproxy.pageant-0.0.6.jar:/Users/davlatbek/.m2/repository/com/jcraft/jsch.agentproxy.jsch/0.0.6/jsch.agentproxy.jsch-0.0.6.jar:/Users/davlatbek/.m2/repository/org/apache/maven/wagon/wagon-ssh-common/2.6/wagon-ssh-common-2.6.jar:/Users/davlatbek/.m2/repository/org/codehaus/plexus/plexus-interactivity-api/1.0-alpha-6/plexus-interactivity-api-1.0-alpha-6.jar:/Users/davlatbek/.m2/repository/org/apache/maven/wagon/wagon-file/2.6/wagon-file-2.6.jar:/Users/davlatbek/.m2/repository/commons-lang/commons-lang/2.6/commons-lang-2.6.jar:/Users/davlatbek/.m2/repository/org/apache/maven/wagon/wagon-http/2.6/wagon-http-2.6.jar:/Users/davlatbek/.m2/repository/org/apache/maven/wagon/wagon-http-shared/2.6/wagon-http-shared-2.6.jar:/Users/davlatbek/.m2/repository/org/apache/maven/wagon/wagon-http-lightweight/2.6/wagon-http-lightweight-2.6.jar:/Users/davlatbek/.m2/repository/ru/yandex/qatools/clay/clay-maven-settings-builder/2.5/clay-maven-settings-builder-2.5.jar:/Users/davlatbek/.m2/repository/org/apache/httpcomponents/httpclient/4.5.3/httpclient-4.5.3.jar:/Users/davlatbek/.m2/repository/org/apache/httpcomponents/httpcore/4.4.8/httpcore-4.4.8.jar:/Users/davlatbek/.m2/repository/commons-codec/commons-codec/1.10/commons-codec-1.10.jar:/Users/davlatbek/.m2/repository/org/apache/maven/maven-core/3.3.9/maven-core-3.3.9.jar:/Users/davlatbek/.m2/repository/org/apache/maven/maven-model/3.3.9/maven-model-3.3.9.jar:/Users/davlatbek/.m2/repository/org/apache/maven/maven-settings/3.3.9/maven-settings-3.3.9.jar:/Users/davlatbek/.m2/repository/org/apache/maven/maven-settings-builder/3.3.9/maven-settings-builder-3.3.9.jar:/Users/davlatbek/.m2/repository/org/apache/maven/maven-builder-support/3.3.9/maven-builder-support-3.3.9.jar:/Users/davlatbek/.m2/repository/org/apache/maven/maven-repository-metadata/3.3.9/maven-repository-metadata-3.3.9.jar:/Users/davlatbek/.m2/repository/org/apache/maven/maven-artifact/3.3.9/maven-artifact-3.3.9.jar:/Users/davlatbek/.m2/repository/org/apache/maven/maven-plugin-api/3.3.9/maven-plugin-api-3.3.9.jar:/Users/davlatbek/.m2/repository/org/apache/maven/maven-model-builder/3.3.9/maven-model-builder-3.3.9.jar:/Users/davlatbek/.m2/repository/org/eclipse/sisu/org.eclipse.sisu.plexus/0.3.2/org.eclipse.sisu.plexus-0.3.2.jar:/Users/davlatbek/.m2/repository/javax/enterprise/cdi-api/1.0/cdi-api-1.0.jar:/Users/davlatbek/.m2/repository/javax/annotation/jsr250-api/1.0/jsr250-api-1.0.jar:/Users/davlatbek/.m2/repository/org/eclipse/sisu/org.eclipse.sisu.inject/0.3.2/org.eclipse.sisu.inject-0.3.2.jar:/Users/davlatbek/.m2/repository/com/google/inject/guice/4.0/guice-4.0-no_aop.jar:/Users/davlatbek/.m2/repository/javax/inject/javax.inject/1/javax.inject-1.jar:/Users/davlatbek/.m2/repository/aopalliance/aopalliance/1.0/aopalliance-1.0.jar:/Users/davlatbek/.m2/repository/org/codehaus/plexus/plexus-interpolation/1.21/plexus-interpolation-1.21.jar:/Users/davlatbek/.m2/repository/org/codehaus/plexus/plexus-utils/3.0.22/plexus-utils-3.0.22.jar:/Users/davlatbek/.m2/repository/org/codehaus/plexus/plexus-classworlds/2.5.2/plexus-classworlds-2.5.2.jar:/Users/davlatbek/.m2/repository/org/codehaus/plexus/plexus-component-annotations/1.6/plexus-component-annotations-1.6.jar:/Users/davlatbek/.m2/repository/org/sonatype/plexus/plexus-sec-dispatcher/1.3/plexus-sec-dispatcher-1.3.jar:/Users/davlatbek/.m2/repository/org/sonatype/plexus/plexus-cipher/1.4/plexus-cipher-1.4.jar:/Users/davlatbek/.m2/repository/org/apache/maven/reporting/maven-reporting-impl/2.4/maven-reporting-impl-2.4.jar:/Users/davlatbek/.m2/repository/org/apache/maven/reporting/maven-reporting-api/3.0/maven-reporting-api-3.0.jar:/Users/davlatbek/.m2/repository/org/apache/maven/maven-project/2.2.1/maven-project-2.2.1.jar:/Users/davlatbek/.m2/repository/org/apache/maven/maven-profile/2.2.1/maven-profile-2.2.1.jar:/Users/davlatbek/.m2/repository/org/apache/maven/maven-artifact-manager/2.2.1/maven-artifact-manager-2.2.1.jar:/Users/davlatbek/.m2/repository/backport-util-concurrent/backport-util-concurrent/3.1/backport-util-concurrent-3.1.jar:/Users/davlatbek/.m2/repository/org/apache/maven/maven-plugin-registry/2.2.1/maven-plugin-registry-2.2.1.jar:/Users/davlatbek/.m2/repository/org/codehaus/plexus/plexus-container-default/1.0-alpha-9-stable-1/plexus-container-default-1.0-alpha-9-stable-1.jar:/Users/davlatbek/.m2/repository/classworlds/classworlds/1.1-alpha-2/classworlds-1.1-alpha-2.jar:/Users/davlatbek/.m2/repository/org/apache/maven/shared/maven-shared-utils/0.6/maven-shared-utils-0.6.jar:/Users/davlatbek/.m2/repository/com/google/code/findbugs/jsr305/2.0.1/jsr305-2.0.1.jar:/Users/davlatbek/.m2/repository/org/apache/maven/doxia/doxia-sink-api/1.6/doxia-sink-api-1.6.jar:/Users/davlatbek/.m2/repository/org/apache/maven/doxia/doxia-logging-api/1.6/doxia-logging-api-1.6.jar:/Users/davlatbek/.m2/repository/org/apache/maven/doxia/doxia-core/1.6/doxia-core-1.6.jar:/Users/davlatbek/.m2/repository/xerces/xercesImpl/2.9.1/xercesImpl-2.9.1.jar:/Users/davlatbek/.m2/repository/xmlunit/xmlunit/1.5/xmlunit-1.5.jar:/Users/davlatbek/.m2/repository/org/apache/maven/doxia/doxia-site-renderer/1.6/doxia-site-renderer-1.6.jar:/Users/davlatbek/.m2/repository/org/apache/maven/doxia/doxia-decoration-model/1.6/doxia-decoration-model-1.6.jar:/Users/davlatbek/.m2/repository/org/apache/maven/doxia/doxia-module-xhtml/1.6/doxia-module-xhtml-1.6.jar:/Users/davlatbek/.m2/repository/org/apache/maven/doxia/doxia-module-fml/1.6/doxia-module-fml-1.6.jar:/Users/davlatbek/.m2/repository/org/codehaus/plexus/plexus-i18n/1.0-beta-7/plexus-i18n-1.0-beta-7.jar:/Users/davlatbek/.m2/repository/org/codehaus/plexus/plexus-velocity/1.1.7/plexus-velocity-1.1.7.jar:/Users/davlatbek/.m2/repository/org/apache/velocity/velocity-tools/2.0/velocity-tools-2.0.jar:/Users/davlatbek/.m2/repository/commons-chain/commons-chain/1.1/commons-chain-1.1.jar:/Users/davlatbek/.m2/repository/sslext/sslext/1.2-0/sslext-1.2-0.jar:/Users/davlatbek/.m2/repository/org/apache/struts/struts-core/1.3.8/struts-core-1.3.8.jar:/Users/davlatbek/.m2/repository/org/apache/struts/struts-taglib/1.3.8/struts-taglib-1.3.8.jar:/Users/davlatbek/.m2/repository/org/apache/struts/struts-tiles/1.3.8/struts-tiles-1.3.8.jar:/Users/davlatbek/.m2/repository/commons-validator/commons-validator/1.4.1/commons-validator-1.4.1.jar:/Users/davlatbek/.m2/repository/commons-digester/commons-digester/2.1/commons-digester-2.1.jar:/Users/davlatbek/.m2/repository/commons-beanutils/commons-beanutils/1.9.3/commons-beanutils-1.9.3.jar:/Users/davlatbek/.m2/repository/commons-collections/commons-collections/3.2.2/commons-collections-3.2.2.jar:/Users/davlatbek/.m2/repository/org/apache/maven/plugin-tools/maven-plugin-annotations/3.2/maven-plugin-annotations-3.2.jar:/Users/davlatbek/.m2/repository/org/apache/maven/plugins/maven-jxr-plugin/2.5/maven-jxr-plugin-2.5.jar:/Users/davlatbek/.m2/repository/org/apache/velocity/velocity/1.5/velocity-1.5.jar:/Users/davlatbek/.m2/repository/oro/oro/2.0.8/oro-2.0.8.jar:/Users/davlatbek/.m2/repository/org/apache/maven/maven-jxr/2.5/maven-jxr-2.5.jar:/Users/davlatbek/.m2/repository/org/apache/maven/wagon/wagon-provider-api/1.0/wagon-provider-api-1.0.jar:/Users/davlatbek/.m2/repository/xml-apis/xml-apis/1.4.01/xml-apis-1.4.01.jar:/Users/davlatbek/.m2/repository/xalan/xalan/2.7.0/xalan-2.7.0.jar:/Users/davlatbek/.m2/repository/org/seleniumhq/selenium/selenium-java/2.53.1/selenium-java-2.53.1.jar:/Users/davlatbek/.m2/repository/org/seleniumhq/selenium/selenium-chrome-driver/2.53.1/selenium-chrome-driver-2.53.1.jar:/Users/davlatbek/.m2/repository/org/seleniumhq/selenium/selenium-remote-driver/2.53.1/selenium-remote-driver-2.53.1.jar:/Users/davlatbek/.m2/repository/cglib/cglib-nodep/2.1_3/cglib-nodep-2.1_3.jar:/Users/davlatbek/.m2/repository/com/google/code/gson/gson/2.8.2/gson-2.8.2.jar:/Users/davlatbek/.m2/repository/org/seleniumhq/selenium/selenium-api/2.53.1/selenium-api-2.53.1.jar:/Users/davlatbek/.m2/repository/org/seleniumhq/selenium/selenium-edge-driver/2.53.1/selenium-edge-driver-2.53.1.jar:/Users/davlatbek/.m2/repository/org/apache/commons/commons-exec/1.3/commons-exec-1.3.jar:/Users/davlatbek/.m2/repository/org/seleniumhq/selenium/htmlunit-driver/2.21/htmlunit-driver-2.21.jar:/Users/davlatbek/.m2/repository/net/sourceforge/htmlunit/htmlunit/2.21/htmlunit-2.21.jar:/Users/davlatbek/.m2/repository/org/apache/httpcomponents/httpmime/4.5.3/httpmime-4.5.3.jar:/Users/davlatbek/.m2/repository/net/sourceforge/htmlunit/htmlunit-core-js/2.17/htmlunit-core-js-2.17.jar:/Users/davlatbek/.m2/repository/net/sourceforge/htmlunit/neko-htmlunit/2.21/neko-htmlunit-2.21.jar:/Users/davlatbek/.m2/repository/net/sourceforge/cssparser/cssparser/0.9.18/cssparser-0.9.18.jar:/Users/davlatbek/.m2/repository/org/w3c/css/sac/1.3/sac-1.3.jar:/Users/davlatbek/.m2/repository/org/eclipse/jetty/websocket/websocket-client/9.4.7.v20170914/websocket-client-9.4.7.v20170914.jar:/Users/davlatbek/.m2/repository/org/eclipse/jetty/jetty-client/9.4.7.v20170914/jetty-client-9.4.7.v20170914.jar:/Users/davlatbek/.m2/repository/org/eclipse/jetty/jetty-http/9.4.7.v20170914/jetty-http-9.4.7.v20170914.jar:/Users/davlatbek/.m2/repository/org/eclipse/jetty/jetty-xml/9.4.7.v20170914/jetty-xml-9.4.7.v20170914.jar:/Users/davlatbek/.m2/repository/org/eclipse/jetty/jetty-util/9.4.7.v20170914/jetty-util-9.4.7.v20170914.jar:/Users/davlatbek/.m2/repository/org/eclipse/jetty/jetty-io/9.4.7.v20170914/jetty-io-9.4.7.v20170914.jar:/Users/davlatbek/.m2/repository/org/eclipse/jetty/websocket/websocket-common/9.4.7.v20170914/websocket-common-9.4.7.v20170914.jar:/Users/davlatbek/.m2/repository/org/eclipse/jetty/websocket/websocket-api/9.4.7.v20170914/websocket-api-9.4.7.v20170914.jar:/Users/davlatbek/.m2/repository/org/seleniumhq/selenium/selenium-firefox-driver/2.53.1/selenium-firefox-driver-2.53.1.jar:/Users/davlatbek/.m2/repository/org/seleniumhq/selenium/selenium-ie-driver/2.53.1/selenium-ie-driver-2.53.1.jar:/Users/davlatbek/.m2/repository/net/java/dev/jna/jna/4.2.2/jna-4.2.2.jar:/Users/davlatbek/.m2/repository/net/java/dev/jna/jna-platform/4.2.2/jna-platform-4.2.2.jar:/Users/davlatbek/.m2/repository/org/seleniumhq/selenium/selenium-safari-driver/2.53.1/selenium-safari-driver-2.53.1.jar:/Users/davlatbek/.m2/repository/io/netty/netty/3.5.7.Final/netty-3.5.7.Final.jar:/Users/davlatbek/.m2/repository/org/seleniumhq/selenium/selenium-support/2.53.1/selenium-support-2.53.1.jar:/Users/davlatbek/.m2/repository/org/seleniumhq/selenium/selenium-leg-rc/2.53.1/selenium-leg-rc-2.53.1.jar:/Users/davlatbek/.m2/repository/org/apache/maven/surefire/surefire-testng-utils/2.20.1/surefire-testng-utils-2.20.1.jar:/Users/davlatbek/.m2/repository/org/apache/maven/surefire/surefire-grouper/2.20.1/surefire-grouper-2.20.1.jar:"/>
    <property name="sun.cpu.endian" value="little"/>
    <property name="user.home" value="/Users/davlatbek"/>
    <property name="user.language" value="en"/>
    <property name="java.specification.vendor" value="Oracle Corporation"/>
    <property name="java.home" value="/Library/Java/JavaVirtualMachines/jdk1.8.0_101.jdk/Contents/Home/jre"/>
    <property name="basedir" value="/Users/davlatbek/Downloads/processingcenter"/>
    <property name="file.separator" value="/"/>
    <property name="line.separator" value="&#10;"/>
    <property name="java.vm.specification.vendor" value="Oracle Corporation"/>
    <property name="java.specification.name" value="Java Platform API Specification"/>
    <property name="java.awt.graphicsenv" value="sun.awt.CGraphicsEnvironment"/>
    <property name="surefire.real.class.path" value="/Users/davlatbek/Downloads/processingcenter/target/surefire/surefirebooter9049322325835672174.jar:/Users/davlatbek/.m2/repository/org/aspectj/aspectjweaver/1.8.10/aspectjweaver-1.8.10.jar"/>
    <property name="sun.boot.class.path" value="/Library/Java/JavaVirtualMachines/jdk1.8.0_101.jdk/Contents/Home/jre/lib/resources.jar:/Library/Java/JavaVirtualMachines/jdk1.8.0_101.jdk/Contents/Home/jre/lib/rt.jar:/Library/Java/JavaVirtualMachines/jdk1.8.0_101.jdk/Contents/Home/jre/lib/sunrsasign.jar:/Library/Java/JavaVirtualMachines/jdk1.8.0_101.jdk/Contents/Home/jre/lib/jsse.jar:/Library/Java/JavaVirtualMachines/jdk1.8.0_101.jdk/Contents/Home/jre/lib/jce.jar:/Library/Java/JavaVirtualMachines/jdk1.8.0_101.jdk/Contents/Home/jre/lib/charsets.jar:/Library/Java/JavaVirtualMachines/jdk1.8.0_101.jdk/Contents/Home/jre/lib/jfr.jar:/Library/Java/JavaVirtualMachines/jdk1.8.0_101.jdk/Contents/Home/jre/classes"/>
    <property name="sun.management.compiler" value="HotSpot 64-Bit Tiered Compilers"/>
    <property name="ftp.nonProxyHosts" value="local|*.local|169.254/16|*.169.254/16"/>
    <property name="java.runtime.version" value="1.8.0_101-b13"/>
    <property name="user.name" value="davlet"/>
    <property name="path.separator" value=":"/>
    <property name="os.version" value="10.13.2"/>
    <property name="java.endorsed.dirs" value="/Library/Java/JavaVirtualMachines/jdk1.8.0_101.jdk/Contents/Home/jre/lib/endorsed"/>
    <property name="java.runtime.name" value="Java(TM) SE Runtime Environment"/>
    <property name="file.encoding" value="UTF-8"/>
    <property name="java.vm.name" value="Java HotSpot(TM) 64-Bit Server VM"/>
    <property name="localRepository" value="/Users/davlatbek/.m2/repository"/>
    <property name="java.vendor.url.bug" value="http://bugreport.sun.com/bugreport/"/>
    <property name="java.io.tmpdir" value="/var/folders/cg/0mxlmkws73s01b23v55k380w0000gn/T/"/>
    <property name="idea.version" value="2017.1.4"/>
    <property name="java.version" value="1.8.0_101"/>
    <property name="user.dir" value="/Users/davlatbek/Downloads/processingcenter"/>
    <property name="os.arch" value="x86_64"/>
    <property name="java.vm.specification.name" value="Java Virtual Machine Specification"/>
    <property name="java.awt.printerjob" value="sun.lwawt.macosx.CPrinterJob"/>
    <property name="sun.os.patch.level" value="unknown"/>
    <property name="java.library.path" value="/Users/davlatbek/Library/Java/Extensions:/Library/Java/Extensions:/Network/Library/Java/Extensions:/System/Library/Java/Extensions:/usr/lib/java:."/>
    <property name="java.vm.info" value="mixed mode"/>
    <property name="java.vendor" value="Oracle Corporation"/>
    <property name="java.vm.version" value="25.101-b13"/>
    <property name="java.ext.dirs" value="/Users/davlatbek/Library/Java/Extensions:/Library/Java/JavaVirtualMachines/jdk1.8.0_101.jdk/Contents/Home/jre/lib/ext:/Library/Java/Extensions:/Network/Library/Java/Extensions:/System/Library/Java/Extensions:/usr/lib/java"/>
    <property name="sun.io.unicode.encoding" value="UnicodeBig"/>
    <property name="java.class.version" value="52.0"/>
    <property name="socksNonProxyHosts" value="local|*.local|169.254/16|*.169.254/16"/>
  </properties>
  <testcase name="accountDeleteTest" classname="com.processingcenter.processingcenter.ProcessingcenterApplicationTests" time="2.671"/>
  <testcase name="addAccountTest" classname="com.processingcenter.processingcenter.ProcessingcenterApplicationTests" time="0.754"/>
  <testcase name="paymentWithInsuffiecientFundsAccountTest" classname="com.processingcenter.processingcenter.ProcessingcenterApplicationTests" time="2.117"/>
  <testcase name="paymentWithSufficientFundsAccountTest" classname="com.processingcenter.processingcenter.ProcessingcenterApplicationTests" time="4.371"/>
</testsuite>