<?xml version="1.0" encoding="UTF-8"?>
<!-- Generated by org.testng.reporters.JUnitReportReporter -->
<testsuite skipped="0" hostname="Davlatbeks-MacBook-Air.local" name="com.processingcenter.processingcenter.ProcessingcenterApplicationTests" tests="4" failures="0" timestamp="02 Feb 2018 12:49:08 GMT" time="9.930" errors="0">
  <testcase name="paymentWithInsuffiecientFundsAccountTest" time="2.122" classname="com.processingcenter.processingcenter.ProcessingcenterApplicationTests"/>
  <testcase name="paymentWithSufficientFundsAccountTest" time="4.375" classname="com.processingcenter.processingcenter.ProcessingcenterApplicationTests"/>
  <testcase name="accountDeleteTest" time="2.676" classname="com.processingcenter.processingcenter.ProcessingcenterApplicationTests"/>
  <testcase name="addAccountTest" time="0.757" classname="com.processingcenter.processingcenter.ProcessingcenterApplicationTests"/>
</testsuite> <!-- com.processingcenter.processingcenter.ProcessingcenterApplicationTests -->
